<?xml version="1.0" encoding="UTF-8"?>
<!-- Generated by org.testng.reporters.JUnitReportReporter -->
<testsuite skipped="2" hostname="TP4VDITR-TCS019" name="tr.findlaw.tests.Sprint_14" tests="3" failures="0" timestamp="17 Apr 2018 10:08:27 GMT" time="424.825" errors="1">
  <testcase name="soc_5900_Renew" time="424.825" classname="tr.findlaw.tests.Sprint_14">
    <error type="org.openqa.selenium.WebDriverException" message="Element Proxy element for: DefaultElementLocator &#039;By.xpath: //input[@value=&#039;Submit&#039;]&#039; is not visible 
 org.openqa.selenium.TimeoutException: Expected condition failed: waiting for visibility of Proxy element for: DefaultElementLocator &#039;By.xpath: //input[@value=&#039;Submit&#039;]&#039; (tried for 40 second(s) with 500 milliseconds interval)
Build info: version: &#039;3.11.0&#039;, revision: &#039;e59cfb3&#039;, time: &#039;2018-03-11T20:26:55.152Z&#039;
System info: host: &#039;TP4VDITR-TCS019&#039;, ip: &#039;10.25.14.23&#039;, os.name: &#039;Windows 7&#039;, os.arch: &#039;amd64&#039;, os.version: &#039;6.1&#039;, java.version: &#039;1.8.0_151&#039;
Driver info: driver.version: unknown">
      <![CDATA[org.openqa.selenium.WebDriverException: Element Proxy element for: DefaultElementLocator 'By.xpath: //input[@value='Submit']' is not visible 
 org.openqa.selenium.TimeoutException: Expected condition failed: waiting for visibility of Proxy element for: DefaultElementLocator 'By.xpath: //input[@value='Submit']' (tried for 40 second(s) with 500 milliseconds interval)
Build info: version: '3.11.0', revision: 'e59cfb3', time: '2018-03-11T20:26:55.152Z'
System info: host: 'TP4VDITR-TCS019', ip: '10.25.14.23', os.name: 'Windows 7', os.arch: 'amd64', os.version: '6.1', java.version: '1.8.0_151'
Driver info: driver.version: unknown
	at com.framework.reports.ReportBuilder.buildTestNodes(ReportBuilder.java:134)
	at com.framework.reports.ReportBuilder.buildReports(ReportBuilder.java:60)
	at com.framework.test.BaseTest.afterSuite(BaseTest.java:66)
	at sun.reflect.NativeMethodAccessorImpl.invoke0(Native Method)
	at sun.reflect.NativeMethodAccessorImpl.invoke(NativeMethodAccessorImpl.java:62)
	at sun.reflect.DelegatingMethodAccessorImpl.invoke(DelegatingMethodAccessorImpl.java:43)
	at java.lang.reflect.Method.invoke(Method.java:498)
	at org.testng.internal.MethodInvocationHelper.invokeMethod(MethodInvocationHelper.java:108)
	at org.testng.internal.Invoker.invokeConfigurationMethod(Invoker.java:523)
	at org.testng.internal.Invoker.invokeConfigurations(Invoker.java:224)
	at org.testng.internal.Invoker.invokeConfigurations(Invoker.java:146)
	at org.testng.SuiteRunner.privateRun(SuiteRunner.java:350)
	at org.testng.SuiteRunner.run(SuiteRunner.java:289)
	at org.testng.SuiteRunnerWorker.runSuite(SuiteRunnerWorker.java:52)
	at org.testng.SuiteRunnerWorker.run(SuiteRunnerWorker.java:86)
	at org.testng.TestNG.runSuitesSequentially(TestNG.java:1301)
	at org.testng.TestNG.runSuitesLocally(TestNG.java:1226)
	at org.testng.TestNG.runSuites(TestNG.java:1144)
	at org.testng.TestNG.run(TestNG.java:1115)
	at org.testng.remote.AbstractRemoteTestNG.run(AbstractRemoteTestNG.java:114)
	at org.testng.remote.RemoteTestNG.initAndRun(RemoteTestNG.java:251)
	at org.testng.remote.RemoteTestNG.main(RemoteTestNG.java:77)
]]>
    </error>
  </testcase> <!-- soc_5900_Renew -->
  <testcase name="soc_5900" classname="tr.findlaw.tests.Sprint_14">
    <skipped/>
  </testcase> <!-- soc_5900 -->
  <testcase name="SOC_5538" classname="tr.findlaw.tests.Sprint_14">
    <skipped/>
  </testcase> <!-- SOC_5538 -->
</testsuite> <!-- tr.findlaw.tests.Sprint_14 -->
