<?xml version="1.0" encoding="UTF-8"?>
<!-- Generated by org.testng.reporters.JUnitReportReporter -->
<testsuite skipped="2" hostname="TP4VDITR-TCS019" name="tr.findlaw.tests.Sprint_25" tests="3" failures="0" timestamp="12 Jun 2018 10:30:11 GMT" time="275.435" errors="1">
  <testcase name="soc_6854" time="275.435" classname="tr.findlaw.tests.Sprint_25">
    <error type="org.openqa.selenium.WebDriverException" message="Unable to click on the element: [[ChromeDriver: chrome on XP (ffb8d177b6c68ee3cd9d4460617168b0)] -&gt; xpath: //table/tbody//td[1]/input]
 org.openqa.selenium.WebDriverException: unknown error: Element &lt;input ng-change=&quot;isLabelChecked()&quot; ng-disabled=&quot;fldc.isDisabled&quot; ng-model=&quot;fldc.selected&quot; type=&quot;checkbox&quot; class=&quot;ng-pristine ng-untouched ng-valid ng-empty&quot; style=&quot;color: red; border: 5px solid yellow;&quot;&gt; is not clickable at point (484, 608). Other element would receive the click: &lt;input class=&quot;btn btn-info&quot; id=&quot;j_id0:frm1:j_id26:j_id56&quot; name=&quot;j_id0:frm1:j_id26:j_id56&quot; onclick=&quot;returnCart(); return false ;;return A4J.AJAX.Submit(&#039;j_id0:frm1&#039;,event,{&#039;similarityGroupingId&#039;:&#039;j_id0:frm1:j_id26:j_id56&#039;,&#039;html5Validate&#039;:true,&#039;parameters&#039;:{&#039;j_id0:frm1:j_id26:j_id56&#039;:&#039;j_id0:frm1:j_id26:j_id56&#039;} } );&quot; value=&quot;Go to Cart&quot; type=&quot;submit&quot;&gt;
  (Session info: chrome=66.0.3359.181)
  (Driver info: chromedriver=2.36.540470 (e522d04694c7ebea4ba8821272dbef4f9b818c91),platform=Windows NT 6.1.7601 SP1 x86_64) (WARNING: The server did not provide any stacktrace information)
Command duration or timeout: 0 milliseconds
Build info: version: &#039;3.11.0&#039;, revision: &#039;e59cfb3&#039;, time: &#039;2018-03-11T20:26:55.152Z&#039;
System info: host: &#039;TP4VDITR-TCS019&#039;, ip: &#039;10.25.14.23&#039;, os.name: &#039;Windows 7&#039;, os.arch: &#039;amd64&#039;, os.version: &#039;6.1&#039;, java.version: &#039;1.8.0_151&#039;
Driver info: org.openqa.selenium.chrome.ChromeDriver
Capabilities {acceptInsecureCerts: false, acceptSslCerts: false, applicationCacheEnabled: false, browserConnectionEnabled: false, browserName: chrome, chrome: {chromedriverVersion: 2.36.540470 (e522d04694c7eb..., userDataDir: C:\Users\UX010052\AppData\L...}, cssSelectorsEnabled: true, databaseEnabled: false, handlesAlerts: true, hasTouchScreen: false, javascriptEnabled: true, locationContextEnabled: true, mobileEmulationEnabled: false, nativeEvents: true, networkConnectionEnabled: false, pageLoadStrategy: normal, platform: XP, platformName: XP, rotatable: false, setWindowRect: true, takesHeapSnapshot: true, takesScreenshot: true, unexpectedAlertBehaviour: , unhandledPromptBehavior: , version: 66.0.3359.181, webStorageEnabled: true}
Session ID: ffb8d177b6c68ee3cd9d4460617168b0
Build info: version: &#039;3.11.0&#039;, revision: &#039;e59cfb3&#039;, time: &#039;2018-03-11T20:26:55.152Z&#039;
System info: host: &#039;TP4VDITR-TCS019&#039;, ip: &#039;10.25.14.23&#039;, os.name: &#039;Windows 7&#039;, os.arch: &#039;amd64&#039;, os.version: &#039;6.1&#039;, java.version: &#039;1.8.0_151&#039;
Driver info: driver.version: unknown">
      <![CDATA[org.openqa.selenium.WebDriverException: Unable to click on the element: [[ChromeDriver: chrome on XP (ffb8d177b6c68ee3cd9d4460617168b0)] -> xpath: //table/tbody//td[1]/input]
 org.openqa.selenium.WebDriverException: unknown error: Element <input ng-change="isLabelChecked()" ng-disabled="fldc.isDisabled" ng-model="fldc.selected" type="checkbox" class="ng-pristine ng-untouched ng-valid ng-empty" style="color: red; border: 5px solid yellow;"> is not clickable at point (484, 608). Other element would receive the click: <input class="btn btn-info" id="j_id0:frm1:j_id26:j_id56" name="j_id0:frm1:j_id26:j_id56" onclick="returnCart(); return false ;;return A4J.AJAX.Submit('j_id0:frm1',event,{'similarityGroupingId':'j_id0:frm1:j_id26:j_id56','html5Validate':true,'parameters':{'j_id0:frm1:j_id26:j_id56':'j_id0:frm1:j_id26:j_id56'} } );" value="Go to Cart" type="submit">
  (Session info: chrome=66.0.3359.181)
  (Driver info: chromedriver=2.36.540470 (e522d04694c7ebea4ba8821272dbef4f9b818c91),platform=Windows NT 6.1.7601 SP1 x86_64) (WARNING: The server did not provide any stacktrace information)
Command duration or timeout: 0 milliseconds
Build info: version: '3.11.0', revision: 'e59cfb3', time: '2018-03-11T20:26:55.152Z'
System info: host: 'TP4VDITR-TCS019', ip: '10.25.14.23', os.name: 'Windows 7', os.arch: 'amd64', os.version: '6.1', java.version: '1.8.0_151'
Driver info: org.openqa.selenium.chrome.ChromeDriver
Capabilities {acceptInsecureCerts: false, acceptSslCerts: false, applicationCacheEnabled: false, browserConnectionEnabled: false, browserName: chrome, chrome: {chromedriverVersion: 2.36.540470 (e522d04694c7eb..., userDataDir: C:\Users\UX010052\AppData\L...}, cssSelectorsEnabled: true, databaseEnabled: false, handlesAlerts: true, hasTouchScreen: false, javascriptEnabled: true, locationContextEnabled: true, mobileEmulationEnabled: false, nativeEvents: true, networkConnectionEnabled: false, pageLoadStrategy: normal, platform: XP, platformName: XP, rotatable: false, setWindowRect: true, takesHeapSnapshot: true, takesScreenshot: true, unexpectedAlertBehaviour: , unhandledPromptBehavior: , version: 66.0.3359.181, webStorageEnabled: true}
Session ID: ffb8d177b6c68ee3cd9d4460617168b0
Build info: version: '3.11.0', revision: 'e59cfb3', time: '2018-03-11T20:26:55.152Z'
System info: host: 'TP4VDITR-TCS019', ip: '10.25.14.23', os.name: 'Windows 7', os.arch: 'amd64', os.version: '6.1', java.version: '1.8.0_151'
Driver info: driver.version: unknown
	at com.framework.reports.ReportBuilder.buildTestNodes(ReportBuilder.java:134)
	at com.framework.reports.ReportBuilder.buildReports(ReportBuilder.java:60)
	at com.framework.test.BaseTest.afterSuite(BaseTest.java:66)
	at sun.reflect.NativeMethodAccessorImpl.invoke0(Native Method)
	at sun.reflect.NativeMethodAccessorImpl.invoke(NativeMethodAccessorImpl.java:62)
	at sun.reflect.DelegatingMethodAccessorImpl.invoke(DelegatingMethodAccessorImpl.java:43)
	at java.lang.reflect.Method.invoke(Method.java:498)
	at org.testng.internal.MethodInvocationHelper.invokeMethod(MethodInvocationHelper.java:108)
	at org.testng.internal.Invoker.invokeConfigurationMethod(Invoker.java:523)
	at org.testng.internal.Invoker.invokeConfigurations(Invoker.java:224)
	at org.testng.internal.Invoker.invokeConfigurations(Invoker.java:146)
	at org.testng.SuiteRunner.privateRun(SuiteRunner.java:350)
	at org.testng.SuiteRunner.run(SuiteRunner.java:289)
	at org.testng.SuiteRunnerWorker.runSuite(SuiteRunnerWorker.java:52)
	at org.testng.SuiteRunnerWorker.run(SuiteRunnerWorker.java:86)
	at org.testng.TestNG.runSuitesSequentially(TestNG.java:1301)
	at org.testng.TestNG.runSuitesLocally(TestNG.java:1226)
	at org.testng.TestNG.runSuites(TestNG.java:1144)
	at org.testng.TestNG.run(TestNG.java:1115)
	at org.testng.remote.AbstractRemoteTestNG.run(AbstractRemoteTestNG.java:114)
	at org.testng.remote.RemoteTestNG.initAndRun(RemoteTestNG.java:251)
	at org.testng.remote.RemoteTestNG.main(RemoteTestNG.java:77)
]]>
    </error>
  </testcase> <!-- soc_6854 -->
  <testcase name="soc_7018" classname="tr.findlaw.tests.Sprint_25">
    <skipped/>
  </testcase> <!-- soc_7018 -->
  <testcase name="soc_6684" classname="tr.findlaw.tests.Sprint_25">
    <skipped/>
  </testcase> <!-- soc_6684 -->
</testsuite> <!-- tr.findlaw.tests.Sprint_25 -->
